<?xml version="1.0" encoding="UTF-8"?>
<testsuite xmlns:xsi="http://www.w3.org/2001/XMLSchema-instance" xsi:noNamespaceSchemaLocation="https://maven.apache.org/surefire/maven-surefire-plugin/xsd/surefire-test-report-3.0.xsd" version="3.0" name="FlashingTest" time="0.025" tests="0" errors="0" skipped="0" failures="0">
  <properties>
    <property name="java.specification.version" value="23"/>
    <property name="sun.cpu.isalist" value="amd64"/>
    <property name="sun.jnu.encoding" value="GBK"/>
    <property name="java.class.path" value="E:\workSpace\files\java\Sokoban\target\test-classes;E:\workSpace\files\java\Sokoban\target\classes;C:\Users\A\.m2\repository\com\redhat\lightblue\client\http\1.1.0\http-1.1.0.jar;C:\Users\A\.m2\repository\com\redhat\lightblue\client\core\1.1.0\core-1.1.0.jar;C:\Users\A\.m2\repository\org\apache\httpcomponents\httpclient\4.3.3\httpclient-4.3.3.jar;C:\Users\A\.m2\repository\org\apache\httpcomponents\httpcore\4.3.2\httpcore-4.3.2.jar;C:\Users\A\.m2\repository\commons-codec\commons-codec\1.6\commons-codec-1.6.jar;C:\Users\A\.m2\repository\commons-lang\commons-lang\2.6\commons-lang-2.6.jar;C:\Users\A\.m2\repository\commons-io\commons-io\2.4\commons-io-2.4.jar;C:\Users\A\.m2\repository\org\slf4j\slf4j-simple\1.7.5\slf4j-simple-1.7.5.jar;C:\Users\A\.m2\repository\com\redhat\lightblue\metadata\1.1.1\metadata-1.1.1.jar;C:\Users\A\.m2\repository\com\redhat\lightblue\util\1.1.1\util-1.1.1.jar;C:\Users\A\.m2\repository\com\redhat\lightblue\core-api\1.1.1\core-api-1.1.1.jar;C:\Users\A\.m2\repository\com\github\fge\json-schema-validator\2.2.5\json-schema-validator-2.2.5.jar;C:\Users\A\.m2\repository\com\github\fge\json-schema-core\1.2.4\json-schema-core-1.2.4.jar;C:\Users\A\.m2\repository\com\github\fge\uri-template\0.9\uri-template-0.9.jar;C:\Users\A\.m2\repository\com\github\fge\msg-simple\1.1\msg-simple-1.1.jar;C:\Users\A\.m2\repository\com\github\fge\btf\1.2\btf-1.2.jar;C:\Users\A\.m2\repository\com\github\fge\jackson-coreutils\1.8\jackson-coreutils-1.8.jar;C:\Users\A\.m2\repository\org\mozilla\rhino\1.7R4\rhino-1.7R4.jar;C:\Users\A\.m2\repository\joda-time\joda-time\2.3\joda-time-2.3.jar;C:\Users\A\.m2\repository\com\googlecode\libphonenumber\libphonenumber\6.0\libphonenumber-6.0.jar;C:\Users\A\.m2\repository\javax\mail\mailapi\1.4.3\mailapi-1.4.3.jar;C:\Users\A\.m2\repository\javax\activation\activation\1.1\activation-1.1.jar;C:\Users\A\.m2\repository\net\sf\jopt-simple\jopt-simple\4.6\jopt-simple-4.6.jar;C:\Users\A\.m2\repository\com\redhat\lightblue\query-api\1.1.1\query-api-1.1.1.jar;C:\Users\A\.m2\repository\org\skyscreamer\jsonassert\1.2.3\jsonassert-1.2.3.jar;C:\Users\A\.m2\repository\org\json\json\20090211\json-20090211.jar;C:\Users\A\.m2\repository\com\netflix\servo\servo-graphite\0.7.8\servo-graphite-0.7.8.jar;C:\Users\A\.m2\repository\com\netflix\hystrix\hystrix-servo-metrics-publisher\1.3.16\hystrix-servo-metrics-publisher-1.3.16.jar;C:\Users\A\.m2\repository\com\netflix\hystrix\hystrix-core\1.3.16\hystrix-core-1.3.16.jar;C:\Users\A\.m2\repository\com\netflix\rxjava\rxjava-core\0.18.2\rxjava-core-0.18.2.jar;C:\Users\A\.m2\repository\com\netflix\archaius\archaius-core\0.4.1\archaius-core-0.4.1.jar;C:\Users\A\.m2\repository\commons-configuration\commons-configuration\1.8\commons-configuration-1.8.jar;C:\Users\A\.m2\repository\com\fasterxml\jackson\core\jackson-core\2.2.3\jackson-core-2.2.3.jar;C:\Users\A\.m2\repository\com\fasterxml\jackson\core\jackson-databind\2.2.3\jackson-databind-2.2.3.jar;C:\Users\A\.m2\repository\com\fasterxml\jackson\core\jackson-annotations\2.2.3\jackson-annotations-2.2.3.jar;C:\Users\A\.m2\repository\org\slf4j\slf4j-api\1.7.6\slf4j-api-1.7.6.jar;C:\Users\A\.m2\repository\com\netflix\servo\servo-core\0.7.8\servo-core-0.7.8.jar;C:\Users\A\.m2\repository\com\netflix\servo\servo-internal\0.7.8\servo-internal-0.7.8.jar;C:\Users\A\.m2\repository\com\google\code\findbugs\annotations\2.0.0\annotations-2.0.0.jar;C:\Users\A\.m2\repository\commons-logging\commons-logging\1.1.3\commons-logging-1.1.3.jar;C:\Users\A\.m2\repository\com\google\code\findbugs\jsr305\2.0.1\jsr305-2.0.1.jar;C:\Users\A\.m2\repository\com\google\guava\guava\14.0.1\guava-14.0.1.jar;C:\Users\A\.m2\repository\org\scala-lang\scala-library\2.13.0\scala-library-2.13.0.jar;"/>
    <property name="java.vm.vendor" value="Oracle Corporation"/>
    <property name="sun.arch.data.model" value="64"/>
    <property name="user.variant" value=""/>
    <property name="java.vendor.url" value="https://java.oracle.com/"/>
    <property name="user.timezone" value="Asia/Shanghai"/>
    <property name="os.name" value="Windows 11"/>
    <property name="java.vm.specification.version" value="23"/>
    <property name="sun.java.launcher" value="SUN_STANDARD"/>
    <property name="user.country" value="CN"/>
    <property name="sun.boot.library.path" value="E:\workSpace\files\jdk-23.0.1\bin"/>
    <property name="sun.java.command" value="C:\Users\A\AppData\Local\Temp\surefire16609442114703512355\surefirebooter-20241223043009881_3.jar C:\Users\A\AppData\Local\Temp\surefire16609442114703512355 2024-12-23T04-30-05_966-jvmRun1 surefire-20241223043009881_1tmp surefire_0-20241223043009881_2tmp"/>
    <property name="jdk.debug" value="release"/>
    <property name="surefire.test.class.path" value="E:\workSpace\files\java\Sokoban\target\test-classes;E:\workSpace\files\java\Sokoban\target\classes;C:\Users\A\.m2\repository\com\redhat\lightblue\client\http\1.1.0\http-1.1.0.jar;C:\Users\A\.m2\repository\com\redhat\lightblue\client\core\1.1.0\core-1.1.0.jar;C:\Users\A\.m2\repository\org\apache\httpcomponents\httpclient\4.3.3\httpclient-4.3.3.jar;C:\Users\A\.m2\repository\org\apache\httpcomponents\httpcore\4.3.2\httpcore-4.3.2.jar;C:\Users\A\.m2\repository\commons-codec\commons-codec\1.6\commons-codec-1.6.jar;C:\Users\A\.m2\repository\commons-lang\commons-lang\2.6\commons-lang-2.6.jar;C:\Users\A\.m2\repository\commons-io\commons-io\2.4\commons-io-2.4.jar;C:\Users\A\.m2\repository\org\slf4j\slf4j-simple\1.7.5\slf4j-simple-1.7.5.jar;C:\Users\A\.m2\repository\com\redhat\lightblue\metadata\1.1.1\metadata-1.1.1.jar;C:\Users\A\.m2\repository\com\redhat\lightblue\util\1.1.1\util-1.1.1.jar;C:\Users\A\.m2\repository\com\redhat\lightblue\core-api\1.1.1\core-api-1.1.1.jar;C:\Users\A\.m2\repository\com\github\fge\json-schema-validator\2.2.5\json-schema-validator-2.2.5.jar;C:\Users\A\.m2\repository\com\github\fge\json-schema-core\1.2.4\json-schema-core-1.2.4.jar;C:\Users\A\.m2\repository\com\github\fge\uri-template\0.9\uri-template-0.9.jar;C:\Users\A\.m2\repository\com\github\fge\msg-simple\1.1\msg-simple-1.1.jar;C:\Users\A\.m2\repository\com\github\fge\btf\1.2\btf-1.2.jar;C:\Users\A\.m2\repository\com\github\fge\jackson-coreutils\1.8\jackson-coreutils-1.8.jar;C:\Users\A\.m2\repository\org\mozilla\rhino\1.7R4\rhino-1.7R4.jar;C:\Users\A\.m2\repository\joda-time\joda-time\2.3\joda-time-2.3.jar;C:\Users\A\.m2\repository\com\googlecode\libphonenumber\libphonenumber\6.0\libphonenumber-6.0.jar;C:\Users\A\.m2\repository\javax\mail\mailapi\1.4.3\mailapi-1.4.3.jar;C:\Users\A\.m2\repository\javax\activation\activation\1.1\activation-1.1.jar;C:\Users\A\.m2\repository\net\sf\jopt-simple\jopt-simple\4.6\jopt-simple-4.6.jar;C:\Users\A\.m2\repository\com\redhat\lightblue\query-api\1.1.1\query-api-1.1.1.jar;C:\Users\A\.m2\repository\org\skyscreamer\jsonassert\1.2.3\jsonassert-1.2.3.jar;C:\Users\A\.m2\repository\org\json\json\20090211\json-20090211.jar;C:\Users\A\.m2\repository\com\netflix\servo\servo-graphite\0.7.8\servo-graphite-0.7.8.jar;C:\Users\A\.m2\repository\com\netflix\hystrix\hystrix-servo-metrics-publisher\1.3.16\hystrix-servo-metrics-publisher-1.3.16.jar;C:\Users\A\.m2\repository\com\netflix\hystrix\hystrix-core\1.3.16\hystrix-core-1.3.16.jar;C:\Users\A\.m2\repository\com\netflix\rxjava\rxjava-core\0.18.2\rxjava-core-0.18.2.jar;C:\Users\A\.m2\repository\com\netflix\archaius\archaius-core\0.4.1\archaius-core-0.4.1.jar;C:\Users\A\.m2\repository\commons-configuration\commons-configuration\1.8\commons-configuration-1.8.jar;C:\Users\A\.m2\repository\com\fasterxml\jackson\core\jackson-core\2.2.3\jackson-core-2.2.3.jar;C:\Users\A\.m2\repository\com\fasterxml\jackson\core\jackson-databind\2.2.3\jackson-databind-2.2.3.jar;C:\Users\A\.m2\repository\com\fasterxml\jackson\core\jackson-annotations\2.2.3\jackson-annotations-2.2.3.jar;C:\Users\A\.m2\repository\org\slf4j\slf4j-api\1.7.6\slf4j-api-1.7.6.jar;C:\Users\A\.m2\repository\com\netflix\servo\servo-core\0.7.8\servo-core-0.7.8.jar;C:\Users\A\.m2\repository\com\netflix\servo\servo-internal\0.7.8\servo-internal-0.7.8.jar;C:\Users\A\.m2\repository\com\google\code\findbugs\annotations\2.0.0\annotations-2.0.0.jar;C:\Users\A\.m2\repository\commons-logging\commons-logging\1.1.3\commons-logging-1.1.3.jar;C:\Users\A\.m2\repository\com\google\code\findbugs\jsr305\2.0.1\jsr305-2.0.1.jar;C:\Users\A\.m2\repository\com\google\guava\guava\14.0.1\guava-14.0.1.jar;C:\Users\A\.m2\repository\org\scala-lang\scala-library\2.13.0\scala-library-2.13.0.jar;"/>
    <property name="sun.cpu.endian" value="little"/>
    <property name="user.home" value="C:\Users\A"/>
    <property name="user.language" value="zh"/>
    <property name="java.specification.vendor" value="Oracle Corporation"/>
    <property name="java.version.date" value="2024-10-15"/>
    <property name="java.home" value="E:\workSpace\files\jdk-23.0.1"/>
    <property name="file.separator" value="\"/>
    <property name="basedir" value="E:\workSpace\files\java\Sokoban"/>
    <property name="java.vm.compressedOopsMode" value="Zero based"/>
    <property name="line.separator" value="&#10;"/>
    <property name="java.vm.specification.vendor" value="Oracle Corporation"/>
    <property name="java.specification.name" value="Java Platform API Specification"/>
    <property name="surefire.real.class.path" value="C:\Users\A\AppData\Local\Temp\surefire16609442114703512355\surefirebooter-20241223043009881_3.jar"/>
    <property name="user.script" value=""/>
    <property name="sun.management.compiler" value="HotSpot 64-Bit Tiered Compilers"/>
    <property name="java.runtime.version" value="23.0.1+11-39"/>
    <property name="user.name" value="A"/>
    <property name="stdout.encoding" value="GBK"/>
    <property name="path.separator" value=";"/>
    <property name="os.version" value="10.0"/>
    <property name="java.runtime.name" value="OpenJDK Runtime Environment"/>
    <property name="file.encoding" value="UTF-8"/>
    <property name="java.vm.name" value="OpenJDK 64-Bit Server VM"/>
    <property name="localRepository" value="C:\Users\A\.m2\repository"/>
    <property name="java.vendor.url.bug" value="https://bugreport.java.com/bugreport/"/>
    <property name="java.io.tmpdir" value="C:\Users\A\AppData\Local\Temp\"/>
    <property name="idea.version" value="2024.3.1"/>
    <property name="java.version" value="23.0.1"/>
    <property name="user.dir" value="E:\workSpace\files\java\Sokoban"/>
    <property name="os.arch" value="amd64"/>
    <property name="java.vm.specification.name" value="Java Virtual Machine Specification"/>
    <property name="sun.os.patch.level" value=""/>
    <property name="native.encoding" value="GBK"/>
    <property name="java.library.path" value="E:\workSpace\files\jdk-23.0.1\bin;C:\Windows\Sun\Java\bin;C:\Windows\system32;C:\Windows;C:\Windows\system32;C:\Windows;C:\Windows\System32\Wbem;C:\Windows\System32\WindowsPowerShell\v1.0\;C:\Windows\System32\OpenSSH\;C:\Program Files (x86)\NVIDIA Corporation\PhysX\Common;C:\Program Files\NVIDIA Corporation\NVIDIA NvDLISR;C:\Program Files\dotnet\;E:\workSpace\files\jdk-23.0.1\bin;E:\workSpace\files\jdk-23.0.1\bin\jre;E:\workSpace\apps\Git\cmd;E:\workSpace\apps\apache-maven-3.9.9\bin;C:\Users\A\AppData\Local\Microsoft\WindowsApps;E:\workSpace\files\mingw\mingw32\bin;E:\apps\netcat;E:\workSpace\apps\Microsoft VS Code\bin;E:\workSpace\apps\IntelliJ IDEA 2024.3.1\bin;;."/>
    <property name="java.vm.info" value="mixed mode, sharing"/>
    <property name="stderr.encoding" value="GBK"/>
    <property name="java.vendor" value="Oracle Corporation"/>
    <property name="java.vm.version" value="23.0.1+11-39"/>
    <property name="sun.io.unicode.encoding" value="UnicodeLittle"/>
    <property name="java.class.version" value="67.0"/>
  </properties>
</testsuite>